{"D:\\Voteguide-india\\src\\App.jsx": {"path":"D:\\Voteguide-india\\src\\App.jsx","statementMap":{"0":{"start":{"line":19,"column":20},"end":{"line":26,"column":null}},"1":{"start":{"line":29,"column":21},"end":{"line":29,"column":54}},"2":{"start":{"line":30,"column":10},"end":{"line":30,"column":42}},"3":{"start":{"line":33,"column":2},"end":{"line":35,"column":null}},"4":{"start":{"line":34,"column":4},"end":{"line":34,"column":null}},"5":{"start":{"line":38,"column":8},"end":{"line":40,"column":null}},"6":{"start":{"line":39,"column":4},"end":{"line":39,"column":null}},"7":{"start":{"line":40,"column":4},"end":{"line":40,"column":null}},"8":{"start":{"line":43,"column":8},"end":{"line":51,"column":null}},"9":{"start":{"line":44,"column":4},"end":{"line":51,"column":null}},"10":{"start":{"line":45,"column":22},"end":{"line":45,"column":null}},"11":{"start":{"line":46,"column":22},"end":{"line":46,"column":null}},"12":{"start":{"line":47,"column":22},"end":{"line":47,"column":null}},"13":{"start":{"line":48,"column":22},"end":{"line":48,"column":null}},"14":{"start":{"line":49,"column":22},"end":{"line":49,"column":null}},"15":{"start":{"line":50,"column":22},"end":{"line":50,"column":null}},"16":{"start":{"line":51,"column":22},"end":{"line":51,"column":null}},"17":{"start":{"line":55,"column":2},"end":{"line":66,"column":null}}},"fnMap":{"0":{"name":"App","decl":{"start":{"line":28,"column":24},"end":{"line":28,"column":30}},"loc":{"start":{"line":28,"column":30},"end":{"line":66,"column":null}},"line":28},"1":{"name":"(anonymous_1)","decl":{"start":{"line":33,"column":2},"end":{"line":33,"column":18}},"loc":{"start":{"line":33,"column":18},"end":{"line":35,"column":6}},"line":33},"2":{"name":"(anonymous_2)","decl":{"start":{"line":38,"column":8},"end":{"line":38,"column":20}},"loc":{"start":{"line":38,"column":29},"end":{"line":40,"column":null}},"line":38},"3":{"name":"(anonymous_3)","decl":{"start":{"line":43,"column":8},"end":{"line":43,"column":27}},"loc":{"start":{"line":43,"column":27},"end":{"line":51,"column":null}},"line":43}},"branchMap":{"0":{"loc":{"start":{"line":34,"column":18},"end":{"line":34,"column":57}},"type":"binary-expr","locations":[{"start":{"line":34,"column":18},"end":{"line":34,"column":45}},{"start":{"line":34,"column":45},"end":{"line":34,"column":57}}],"line":34},"1":{"loc":{"start":{"line":44,"column":4},"end":{"line":51,"column":null}},"type":"switch","locations":[{"start":{"line":45,"column":6},"end":{"line":45,"column":null}},{"start":{"line":46,"column":6},"end":{"line":46,"column":null}},{"start":{"line":47,"column":6},"end":{"line":47,"column":null}},{"start":{"line":48,"column":6},"end":{"line":48,"column":null}},{"start":{"line":49,"column":6},"end":{"line":49,"column":null}},{"start":{"line":50,"column":6},"end":{"line":50,"column":null}},{"start":{"line":51,"column":6},"end":{"line":51,"column":null}}],"line":44}},"s":{"0":1,"1":19,"2":19,"3":19,"4":19,"5":19,"6":7,"7":7,"8":19,"9":19,"10":12,"11":2,"12":1,"13":1,"14":2,"15":1,"16":0,"17":19},"f":{"0":19,"1":19,"2":7,"3":19},"b":{"0":[19,0],"1":[12,2,1,1,2,1,0]},"meta":{"lastBranch":2,"lastFunction":4,"lastStatement":18,"seen":{"s:19:20:26:Infinity":0,"f:28:24:28:30":0,"s:29:21:29:54":1,"s:30:10:30:42":2,"s:33:2:35:Infinity":3,"f:33:2:33:18":1,"s:34:4:34:Infinity":4,"b:34:18:34:45:34:45:34:57":0,"s:38:8:40:Infinity":5,"f:38:8:38:20":2,"s:39:4:39:Infinity":6,"s:40:4:40:Infinity":7,"s:43:8:51:Infinity":8,"f:43:8:43:27":3,"b:45:6:45:Infinity:46:6:46:Infinity:47:6:47:Infinity:48:6:48:Infinity:49:6:49:Infinity:50:6:50:Infinity:51:6:51:Infinity":1,"s:44:4:51:Infinity":9,"s:45:22:45:Infinity":10,"s:46:22:46:Infinity":11,"s:47:22:47:Infinity":12,"s:48:22:48:Infinity":13,"s:49:22:49:Infinity":14,"s:50:22:50:Infinity":15,"s:51:22:51:Infinity":16,"s:55:2:66:Infinity":17}}}
,"D:\\Voteguide-india\\src\\components\\FeedbackWidget.jsx": {"path":"D:\\Voteguide-india\\src\\components\\FeedbackWidget.jsx","statementMap":{"0":{"start":{"line":13,"column":14},"end":{"line":13,"column":null}},"1":{"start":{"line":19,"column":20},"end":{"line":19,"column":47}},"2":{"start":{"line":20,"column":20},"end":{"line":20,"column":47}},"3":{"start":{"line":21,"column":20},"end":{"line":21,"column":48}},"4":{"start":{"line":22,"column":20},"end":{"line":22,"column":52}},"5":{"start":{"line":23,"column":20},"end":{"line":23,"column":48}},"6":{"start":{"line":25,"column":10},"end":{"line":25,"column":42}},"7":{"start":{"line":26,"column":10},"end":{"line":26,"column":43}},"8":{"start":{"line":28,"column":23},"end":{"line":40,"column":null}},"9":{"start":{"line":29,"column":4},"end":{"line":29,"column":null}},"10":{"start":{"line":29,"column":20},"end":{"line":29,"column":null}},"11":{"start":{"line":30,"column":4},"end":{"line":30,"column":null}},"12":{"start":{"line":32,"column":19},"end":{"line":32,"column":76}},"13":{"start":{"line":34,"column":4},"end":{"line":40,"column":null}},"14":{"start":{"line":35,"column":6},"end":{"line":35,"column":null}},"15":{"start":{"line":36,"column":6},"end":{"line":36,"column":null}},"16":{"start":{"line":37,"column":6},"end":{"line":37,"column":null}},"17":{"start":{"line":39,"column":6},"end":{"line":39,"column":null}},"18":{"start":{"line":40,"column":6},"end":{"line":40,"column":null}},"19":{"start":{"line":44,"column":2},"end":{"line":50,"column":null}},"20":{"start":{"line":45,"column":4},"end":{"line":50,"column":null}},"21":{"start":{"line":54,"column":2},"end":{"line":105,"column":null}},"22":{"start":{"line":66,"column":10},"end":{"line":76,"column":null}},"23":{"start":{"line":69,"column":27},"end":{"line":69,"column":44}},"24":{"start":{"line":70,"column":32},"end":{"line":70,"column":48}},"25":{"start":{"line":71,"column":32},"end":{"line":71,"column":45}},"26":{"start":{"line":85,"column":25},"end":{"line":85,"column":65}},"27":{"start":{"line":110,"column":0},"end":{"line":113,"column":null}}},"fnMap":{"0":{"name":"FeedbackWidget","decl":{"start":{"line":18,"column":24},"end":{"line":18,"column":39}},"loc":{"start":{"line":18,"column":49},"end":{"line":105,"column":null}},"line":18},"1":{"name":"(anonymous_1)","decl":{"start":{"line":28,"column":23},"end":{"line":28,"column":35}},"loc":{"start":{"line":28,"column":35},"end":{"line":40,"column":null}},"line":28},"2":{"name":"(anonymous_2)","decl":{"start":{"line":65,"column":15},"end":{"line":65,"column":20}},"loc":{"start":{"line":66,"column":10},"end":{"line":76,"column":null}},"line":66},"3":{"name":"(anonymous_3)","decl":{"start":{"line":69,"column":12},"end":{"line":69,"column":27}},"loc":{"start":{"line":69,"column":27},"end":{"line":69,"column":44}},"line":69},"4":{"name":"(anonymous_4)","decl":{"start":{"line":70,"column":12},"end":{"line":70,"column":32}},"loc":{"start":{"line":70,"column":32},"end":{"line":70,"column":48}},"line":70},"5":{"name":"(anonymous_5)","decl":{"start":{"line":71,"column":12},"end":{"line":71,"column":32}},"loc":{"start":{"line":71,"column":32},"end":{"line":71,"column":45}},"line":71},"6":{"name":"(anonymous_6)","decl":{"start":{"line":85,"column":8},"end":{"line":85,"column":19}},"loc":{"start":{"line":85,"column":25},"end":{"line":85,"column":65}},"line":85}},"branchMap":{"0":{"loc":{"start":{"line":29,"column":4},"end":{"line":29,"column":null}},"type":"if","locations":[{"start":{"line":29,"column":4},"end":{"line":29,"column":null}},{"start":{},"end":{}}],"line":29},"1":{"loc":{"start":{"line":34,"column":4},"end":{"line":40,"column":null}},"type":"if","locations":[{"start":{"line":34,"column":4},"end":{"line":40,"column":null}},{"start":{"line":38,"column":11},"end":{"line":40,"column":null}}],"line":34},"2":{"loc":{"start":{"line":36,"column":17},"end":{"line":36,"column":66}},"type":"binary-expr","locations":[{"start":{"line":36,"column":17},"end":{"line":36,"column":35}},{"start":{"line":36,"column":35},"end":{"line":36,"column":66}}],"line":36},"3":{"loc":{"start":{"line":40,"column":17},"end":{"line":40,"column":75}},"type":"binary-expr","locations":[{"start":{"line":40,"column":17},"end":{"line":40,"column":33}},{"start":{"line":40,"column":33},"end":{"line":40,"column":75}}],"line":40},"4":{"loc":{"start":{"line":44,"column":2},"end":{"line":50,"column":null}},"type":"if","locations":[{"start":{"line":44,"column":2},"end":{"line":50,"column":null}},{"start":{},"end":{}}],"line":44},"5":{"loc":{"start":{"line":68,"column":23},"end":{"line":68,"column":null}},"type":"cond-expr","locations":[{"start":{"line":68,"column":66},"end":{"line":68,"column":88}},{"start":{"line":68,"column":88},"end":{"line":68,"column":null}}],"line":68},"6":{"loc":{"start":{"line":68,"column":35},"end":{"line":68,"column":59}},"type":"binary-expr","locations":[{"start":{"line":68,"column":35},"end":{"line":68,"column":46}},{"start":{"line":68,"column":46},"end":{"line":68,"column":59}}],"line":68},"7":{"loc":{"start":{"line":72,"column":39},"end":{"line":72,"column":null}},"type":"cond-expr","locations":[{"start":{"line":72,"column":50},"end":{"line":72,"column":56}},{"start":{"line":72,"column":56},"end":{"line":72,"column":null}}],"line":72},"8":{"loc":{"start":{"line":91,"column":7},"end":{"line":94,"column":null}},"type":"binary-expr","locations":[{"start":{"line":91,"column":7},"end":{"line":91,"column":null}},{"start":{"line":92,"column":8},"end":{"line":94,"column":null}}],"line":91},"9":{"loc":{"start":{"line":101,"column":18},"end":{"line":101,"column":null}},"type":"binary-expr","locations":[{"start":{"line":101,"column":18},"end":{"line":101,"column":31}},{"start":{"line":101,"column":31},"end":{"line":101,"column":null}}],"line":101},"10":{"loc":{"start":{"line":104,"column":9},"end":{"line":104,"column":null}},"type":"cond-expr","locations":[{"start":{"line":104,"column":32},"end":{"line":104,"column":48}},{"start":{"line":104,"column":48},"end":{"line":104,"column":null}}],"line":104}},"s":{"0":1,"1":37,"2":37,"3":37,"4":37,"5":37,"6":37,"7":37,"8":37,"9":3,"10":0,"11":3,"12":3,"13":3,"14":2,"15":2,"16":2,"17":1,"18":1,"19":37,"20":2,"21":35,"22":175,"23":4,"24":4,"25":3,"26":12,"27":1},"f":{"0":37,"1":3,"2":175,"3":4,"4":4,"5":3,"6":12},"b":{"0":[0,3],"1":[2,1],"2":[2,0],"3":[1,0],"4":[2,35],"5":[59,116],"6":[175,135],"7":[140,35],"8":[35,1],"9":[37,11],"10":[3,32]},"meta":{"lastBranch":11,"lastFunction":7,"lastStatement":28,"seen":{"s:13:14:13:Infinity":0,"f:18:24:18:39":0,"s:19:20:19:47":1,"s:20:20:20:47":2,"s:21:20:21:48":3,"s:22:20:22:52":4,"s:23:20:23:48":5,"s:25:10:25:42":6,"s:26:10:26:43":7,"s:28:23:40:Infinity":8,"f:28:23:28:35":1,"b:29:4:29:Infinity:undefined:undefined:undefined:undefined":0,"s:29:4:29:Infinity":9,"s:29:20:29:Infinity":10,"s:30:4:30:Infinity":11,"s:32:19:32:76":12,"b:34:4:40:Infinity:38:11:40:Infinity":1,"s:34:4:40:Infinity":13,"s:35:6:35:Infinity":14,"s:36:6:36:Infinity":15,"b:36:17:36:35:36:35:36:66":2,"s:37:6:37:Infinity":16,"s:39:6:39:Infinity":17,"s:40:6:40:Infinity":18,"b:40:17:40:33:40:33:40:75":3,"b:44:2:50:Infinity:undefined:undefined:undefined:undefined":4,"s:44:2:50:Infinity":19,"s:45:4:50:Infinity":20,"s:54:2:105:Infinity":21,"f:65:15:65:20":2,"s:66:10:76:Infinity":22,"b:68:66:68:88:68:88:68:Infinity":5,"b:68:35:68:46:68:46:68:59":6,"f:69:12:69:27":3,"s:69:27:69:44":23,"f:70:12:70:32":4,"s:70:32:70:48":24,"f:71:12:71:32":5,"s:71:32:71:45":25,"b:72:50:72:56:72:56:72:Infinity":7,"f:85:8:85:19":6,"s:85:25:85:65":26,"b:91:7:91:Infinity:92:8:94:Infinity":8,"b:101:18:101:31:101:31:101:Infinity":9,"b:104:32:104:48:104:48:104:Infinity":10,"s:110:0:113:Infinity":27}}}
,"D:\\Voteguide-india\\src\\components\\Footer.jsx": {"path":"D:\\Voteguide-india\\src\\components\\Footer.jsx","statementMap":{"0":{"start":{"line":10,"column":2},"end":{"line":62,"column":null}},"1":{"start":{"line":32,"column":39},"end":{"line":32,"column":58}},"2":{"start":{"line":33,"column":39},"end":{"line":33,"column":56}},"3":{"start":{"line":34,"column":39},"end":{"line":34,"column":54}},"4":{"start":{"line":35,"column":39},"end":{"line":35,"column":54}},"5":{"start":{"line":36,"column":39},"end":{"line":36,"column":55}},"6":{"start":{"line":67,"column":0},"end":{"line":69,"column":null}}},"fnMap":{"0":{"name":"Footer","decl":{"start":{"line":9,"column":24},"end":{"line":9,"column":31}},"loc":{"start":{"line":9,"column":45},"end":{"line":62,"column":null}},"line":9},"1":{"name":"(anonymous_1)","decl":{"start":{"line":32,"column":24},"end":{"line":32,"column":39}},"loc":{"start":{"line":32,"column":39},"end":{"line":32,"column":58}},"line":32},"2":{"name":"(anonymous_2)","decl":{"start":{"line":33,"column":24},"end":{"line":33,"column":39}},"loc":{"start":{"line":33,"column":39},"end":{"line":33,"column":56}},"line":33},"3":{"name":"(anonymous_3)","decl":{"start":{"line":34,"column":24},"end":{"line":34,"column":39}},"loc":{"start":{"line":34,"column":39},"end":{"line":34,"column":54}},"line":34},"4":{"name":"(anonymous_4)","decl":{"start":{"line":35,"column":24},"end":{"line":35,"column":39}},"loc":{"start":{"line":35,"column":39},"end":{"line":35,"column":54}},"line":35},"5":{"name":"(anonymous_5)","decl":{"start":{"line":36,"column":24},"end":{"line":36,"column":39}},"loc":{"start":{"line":36,"column":39},"end":{"line":36,"column":55}},"line":36}},"branchMap":{},"s":{"0":22,"1":1,"2":1,"3":1,"4":1,"5":1,"6":2},"f":{"0":22,"1":1,"2":1,"3":1,"4":1,"5":1},"b":{},"meta":{"lastBranch":0,"lastFunction":6,"lastStatement":7,"seen":{"f:9:24:9:31":0,"s:10:2:62:Infinity":0,"f:32:24:32:39":1,"s:32:39:32:58":1,"f:33:24:33:39":2,"s:33:39:33:56":2,"f:34:24:34:39":3,"s:34:39:34:54":3,"f:35:24:35:39":4,"s:35:39:35:54":4,"f:36:24:36:39":5,"s:36:39:36:55":5,"s:67:0:69:Infinity":6}}}
,"D:\\Voteguide-india\\src\\components\\Header.jsx": {"path":"D:\\Voteguide-india\\src\\components\\Header.jsx","statementMap":{"0":{"start":{"line":9,"column":18},"end":{"line":16,"column":null}},"1":{"start":{"line":22,"column":2},"end":{"line":67,"column":null}},"2":{"start":{"line":58,"column":10},"end":{"line":65,"column":null}},"3":{"start":{"line":61,"column":27},"end":{"line":61,"column":40}},"4":{"start":{"line":72,"column":0},"end":{"line":77,"column":null}}},"fnMap":{"0":{"name":"Header","decl":{"start":{"line":21,"column":24},"end":{"line":21,"column":31}},"loc":{"start":{"line":21,"column":57},"end":{"line":67,"column":null}},"line":21},"1":{"name":"(anonymous_1)","decl":{"start":{"line":57,"column":19},"end":{"line":57,"column":24}},"loc":{"start":{"line":58,"column":10},"end":{"line":65,"column":null}},"line":58},"2":{"name":"(anonymous_2)","decl":{"start":{"line":61,"column":12},"end":{"line":61,"column":27}},"loc":{"start":{"line":61,"column":27},"end":{"line":61,"column":40}},"line":61}},"branchMap":{"0":{"loc":{"start":{"line":60,"column":34},"end":{"line":60,"column":null}},"type":"cond-expr","locations":[{"start":{"line":60,"column":55},"end":{"line":60,"column":77}},{"start":{"line":60,"column":77},"end":{"line":60,"column":null}}],"line":60},"1":{"loc":{"start":{"line":62,"column":26},"end":{"line":62,"column":null}},"type":"cond-expr","locations":[{"start":{"line":62,"column":47},"end":{"line":62,"column":56}},{"start":{"line":62,"column":56},"end":{"line":62,"column":null}}],"line":62}},"s":{"0":2,"1":27,"2":162,"3":9,"4":2},"f":{"0":27,"1":162,"2":9},"b":{"0":[27,135],"1":[27,135]},"meta":{"lastBranch":2,"lastFunction":3,"lastStatement":5,"seen":{"s:9:18:16:Infinity":0,"f:21:24:21:31":0,"s:22:2:67:Infinity":1,"f:57:19:57:24":1,"s:58:10:65:Infinity":2,"b:60:55:60:77:60:77:60:Infinity":0,"f:61:12:61:27":2,"s:61:27:61:40":3,"b:62:47:62:56:62:56:62:Infinity":1,"s:72:0:77:Infinity":4}}}
,"D:\\Voteguide-india\\src\\data\\electionData.js": {"path":"D:\\Voteguide-india\\src\\data\\electionData.js","statementMap":{"0":{"start":{"line":9,"column":30},"end":{"line":135,"column":1}},"1":{"start":{"line":138,"column":30},"end":{"line":199,"column":1}},"2":{"start":{"line":202,"column":20},"end":{"line":235,"column":1}},"3":{"start":{"line":238,"column":27},"end":{"line":271,"column":1}},"4":{"start":{"line":274,"column":28},"end":{"line":283,"column":1}}},"fnMap":{},"branchMap":{},"s":{"0":6,"1":6,"2":6,"3":6,"4":6},"f":{},"b":{},"meta":{"lastBranch":0,"lastFunction":0,"lastStatement":5,"seen":{"s:9:30:135:1":0,"s:138:30:199:1":1,"s:202:20:235:1":2,"s:238:27:271:1":3,"s:274:28:283:1":4}}}
,"D:\\Voteguide-india\\src\\hooks\\useGoogleServices.js": {"path":"D:\\Voteguide-india\\src\\hooks\\useGoogleServices.js","statementMap":{"0":{"start":{"line":21,"column":23},"end":{"line":27,"column":8}},"1":{"start":{"line":22,"column":4},"end":{"line":22,"column":null}},"2":{"start":{"line":22,"column":44},"end":{"line":22,"column":51}},"3":{"start":{"line":23,"column":4},"end":{"line":26,"column":null}},"4":{"start":{"line":34,"column":20},"end":{"line":37,"column":8}},"5":{"start":{"line":35,"column":4},"end":{"line":35,"column":null}},"6":{"start":{"line":35,"column":44},"end":{"line":35,"column":51}},"7":{"start":{"line":36,"column":4},"end":{"line":36,"column":null}},"8":{"start":{"line":39,"column":2},"end":{"line":39,"column":null}},"9":{"start":{"line":54,"column":24},"end":{"line":69,"column":8}},"10":{"start":{"line":55,"column":4},"end":{"line":68,"column":null}},"11":{"start":{"line":56,"column":23},"end":{"line":60,"column":8}},"12":{"start":{"line":61,"column":19},"end":{"line":61,"column":40}},"13":{"start":{"line":62,"column":6},"end":{"line":64,"column":null}},"14":{"start":{"line":63,"column":8},"end":{"line":63,"column":null}},"15":{"start":{"line":65,"column":6},"end":{"line":65,"column":null}},"16":{"start":{"line":67,"column":6},"end":{"line":67,"column":null}},"17":{"start":{"line":71,"column":2},"end":{"line":71,"column":null}}},"fnMap":{"0":{"name":"useAnalytics","decl":{"start":{"line":18,"column":16},"end":{"line":18,"column":28}},"loc":{"start":{"line":18,"column":31},"end":{"line":40,"column":null}},"line":18},"1":{"name":"(anonymous_1)","decl":{"start":{"line":21,"column":36},"end":{"line":21,"column":37}},"loc":{"start":{"line":21,"column":58},"end":{"line":27,"column":3}},"line":21},"2":{"name":"(anonymous_2)","decl":{"start":{"line":34,"column":33},"end":{"line":34,"column":34}},"loc":{"start":{"line":34,"column":61},"end":{"line":37,"column":3}},"line":34},"3":{"name":"useFeedback","decl":{"start":{"line":49,"column":16},"end":{"line":49,"column":27}},"loc":{"start":{"line":49,"column":30},"end":{"line":72,"column":null}},"line":49},"4":{"name":"(anonymous_4)","decl":{"start":{"line":54,"column":37},"end":{"line":54,"column":42}},"loc":{"start":{"line":54,"column":84},"end":{"line":69,"column":3}},"line":54}},"branchMap":{"0":{"loc":{"start":{"line":22,"column":4},"end":{"line":22,"column":null}},"type":"if","locations":[{"start":{"line":22,"column":4},"end":{"line":22,"column":null}},{"start":{},"end":{}}],"line":22},"1":{"loc":{"start":{"line":34,"column":45},"end":{"line":34,"column":56}},"type":"default-arg","locations":[{"start":{"line":34,"column":54},"end":{"line":34,"column":56}}],"line":34},"2":{"loc":{"start":{"line":35,"column":4},"end":{"line":35,"column":null}},"type":"if","locations":[{"start":{"line":35,"column":4},"end":{"line":35,"column":null}},{"start":{},"end":{}}],"line":35},"3":{"loc":{"start":{"line":54,"column":54},"end":{"line":54,"column":66}},"type":"default-arg","locations":[{"start":{"line":54,"column":64},"end":{"line":54,"column":66}}],"line":54},"4":{"loc":{"start":{"line":54,"column":68},"end":{"line":54,"column":77}},"type":"default-arg","locations":[{"start":{"line":54,"column":75},"end":{"line":54,"column":77}}],"line":54},"5":{"loc":{"start":{"line":62,"column":6},"end":{"line":64,"column":null}},"type":"if","locations":[{"start":{"line":62,"column":6},"end":{"line":64,"column":null}},{"start":{},"end":{}}],"line":62},"6":{"loc":{"start":{"line":63,"column":40},"end":{"line":63,"column":74}},"type":"binary-expr","locations":[{"start":{"line":63,"column":40},"end":{"line":63,"column":50}},{"start":{"line":63,"column":54},"end":{"line":63,"column":74}}],"line":63}},"s":{"0":6,"1":3,"2":2,"3":1,"4":6,"5":3,"6":1,"7":2,"8":6,"9":4,"10":4,"11":4,"12":3,"13":3,"14":1,"15":2,"16":1,"17":4},"f":{"0":6,"1":3,"2":3,"3":4,"4":4},"b":{"0":[2,1],"1":[3],"2":[1,2],"3":[4],"4":[4],"5":[1,2],"6":[1,0]},"meta":{"lastBranch":7,"lastFunction":5,"lastStatement":18,"seen":{"f:18:16:18:28":0,"s:21:23:27:8":0,"f:21:36:21:37":1,"b:22:4:22:Infinity:undefined:undefined:undefined:undefined":0,"s:22:4:22:Infinity":1,"s:22:44:22:51":2,"s:23:4:26:Infinity":3,"s:34:20:37:8":4,"f:34:33:34:34":2,"b:34:54:34:56":1,"b:35:4:35:Infinity:undefined:undefined:undefined:undefined":2,"s:35:4:35:Infinity":5,"s:35:44:35:51":6,"s:36:4:36:Infinity":7,"s:39:2:39:Infinity":8,"f:49:16:49:27":3,"s:54:24:69:8":9,"f:54:37:54:42":4,"b:54:64:54:66":3,"b:54:75:54:77":4,"s:55:4:68:Infinity":10,"s:56:23:60:8":11,"s:61:19:61:40":12,"b:62:6:64:Infinity:undefined:undefined:undefined:undefined":5,"s:62:6:64:Infinity":13,"s:63:8:63:Infinity":14,"b:63:40:63:50:63:54:63:74":6,"s:65:6:65:Infinity":15,"s:67:6:67:Infinity":16,"s:71:2:71:Infinity":17}}}
,"D:\\Voteguide-india\\src\\pages\\ChatPage.jsx": {"path":"D:\\Voteguide-india\\src\\pages\\ChatPage.jsx","statementMap":{"0":{"start":{"line":14,"column":24},"end":{"line":27,"column":null}},"1":{"start":{"line":31,"column":22},"end":{"line":31,"column":67}},"2":{"start":{"line":32,"column":22},"end":{"line":32,"column":52}},"3":{"start":{"line":33,"column":22},"end":{"line":33,"column":55}},"4":{"start":{"line":35,"column":8},"end":{"line":35,"column":33}},"5":{"start":{"line":36,"column":8},"end":{"line":36,"column":33}},"6":{"start":{"line":38,"column":10},"end":{"line":38,"column":39}},"7":{"start":{"line":41,"column":2},"end":{"line":43,"column":null}},"8":{"start":{"line":42,"column":4},"end":{"line":42,"column":null}},"9":{"start":{"line":46,"column":8},"end":{"line":94,"column":51}},"10":{"start":{"line":47,"column":10},"end":{"line":47,"column":47}},"11":{"start":{"line":48,"column":4},"end":{"line":48,"column":null}},"12":{"start":{"line":48,"column":32},"end":{"line":48,"column":null}},"13":{"start":{"line":50,"column":4},"end":{"line":50,"column":null}},"14":{"start":{"line":51,"column":4},"end":{"line":51,"column":null}},"15":{"start":{"line":51,"column":26},"end":{"line":51,"column":71}},"16":{"start":{"line":52,"column":4},"end":{"line":52,"column":null}},"17":{"start":{"line":54,"column":4},"end":{"line":54,"column":null}},"18":{"start":{"line":56,"column":4},"end":{"line":92,"column":null}},"19":{"start":{"line":58,"column":22},"end":{"line":63,"column":11}},"20":{"start":{"line":60,"column":21},"end":{"line":63,"column":11}},"21":{"start":{"line":65,"column":23},"end":{"line":69,"column":8}},"22":{"start":{"line":71,"column":19},"end":{"line":71,"column":40}},"23":{"start":{"line":73,"column":6},"end":{"line":81,"column":null}},"24":{"start":{"line":73,"column":28},"end":{"line":80,"column":null}},"25":{"start":{"line":83,"column":6},"end":{"line":89,"column":null}},"26":{"start":{"line":83,"column":28},"end":{"line":88,"column":null}},"27":{"start":{"line":91,"column":6},"end":{"line":91,"column":null}},"28":{"start":{"line":92,"column":6},"end":{"line":92,"column":null}},"29":{"start":{"line":96,"column":8},"end":{"line":99,"column":null}},"30":{"start":{"line":97,"column":4},"end":{"line":99,"column":null}},"31":{"start":{"line":98,"column":6},"end":{"line":98,"column":null}},"32":{"start":{"line":99,"column":6},"end":{"line":99,"column":null}},"33":{"start":{"line":103,"column":2},"end":{"line":223,"column":null}},"34":{"start":{"line":123,"column":12},"end":{"line":131,"column":null}},"35":{"start":{"line":126,"column":29},"end":{"line":126,"column":47}},"36":{"start":{"line":146,"column":10},"end":{"line":164,"column":null}},"37":{"start":{"line":199,"column":27},"end":{"line":199,"column":56}},"38":{"start":{"line":208,"column":25},"end":{"line":208,"column":38}}},"fnMap":{"0":{"name":"ChatPage","decl":{"start":{"line":30,"column":24},"end":{"line":30,"column":35}},"loc":{"start":{"line":30,"column":35},"end":{"line":223,"column":null}},"line":30},"1":{"name":"(anonymous_1)","decl":{"start":{"line":41,"column":2},"end":{"line":41,"column":18}},"loc":{"start":{"line":41,"column":18},"end":{"line":43,"column":6}},"line":41},"2":{"name":"(anonymous_2)","decl":{"start":{"line":46,"column":34},"end":{"line":46,"column":41}},"loc":{"start":{"line":46,"column":50},"end":{"line":94,"column":6}},"line":46},"3":{"name":"(anonymous_3)","decl":{"start":{"line":51,"column":4},"end":{"line":51,"column":17}},"loc":{"start":{"line":51,"column":26},"end":{"line":51,"column":71}},"line":51},"4":{"name":"(anonymous_4)","decl":{"start":{"line":60,"column":9},"end":{"line":60,"column":14}},"loc":{"start":{"line":60,"column":21},"end":{"line":63,"column":11}},"line":60},"5":{"name":"(anonymous_5)","decl":{"start":{"line":73,"column":6},"end":{"line":73,"column":19}},"loc":{"start":{"line":73,"column":28},"end":{"line":80,"column":null}},"line":73},"6":{"name":"(anonymous_6)","decl":{"start":{"line":83,"column":6},"end":{"line":83,"column":19}},"loc":{"start":{"line":83,"column":28},"end":{"line":88,"column":null}},"line":83},"7":{"name":"(anonymous_7)","decl":{"start":{"line":96,"column":8},"end":{"line":96,"column":25}},"loc":{"start":{"line":96,"column":31},"end":{"line":99,"column":null}},"line":96},"8":{"name":"(anonymous_8)","decl":{"start":{"line":122,"column":24},"end":{"line":122,"column":29}},"loc":{"start":{"line":123,"column":12},"end":{"line":131,"column":null}},"line":123},"9":{"name":"(anonymous_9)","decl":{"start":{"line":126,"column":14},"end":{"line":126,"column":29}},"loc":{"start":{"line":126,"column":29},"end":{"line":126,"column":47}},"line":126},"10":{"name":"(anonymous_10)","decl":{"start":{"line":145,"column":18},"end":{"line":145,"column":23}},"loc":{"start":{"line":146,"column":10},"end":{"line":164,"column":null}},"line":146},"11":{"name":"(anonymous_11)","decl":{"start":{"line":199,"column":10},"end":{"line":199,"column":21}},"loc":{"start":{"line":199,"column":27},"end":{"line":199,"column":56}},"line":199},"12":{"name":"(anonymous_12)","decl":{"start":{"line":208,"column":10},"end":{"line":208,"column":25}},"loc":{"start":{"line":208,"column":25},"end":{"line":208,"column":38}},"line":208}},"branchMap":{"0":{"loc":{"start":{"line":47,"column":21},"end":{"line":47,"column":41}},"type":"binary-expr","locations":[{"start":{"line":47,"column":21},"end":{"line":47,"column":29}},{"start":{"line":47,"column":29},"end":{"line":47,"column":41}}],"line":47},"1":{"loc":{"start":{"line":48,"column":4},"end":{"line":48,"column":null}},"type":"if","locations":[{"start":{"line":48,"column":4},"end":{"line":48,"column":null}},{"start":{},"end":{}}],"line":48},"2":{"loc":{"start":{"line":48,"column":8},"end":{"line":48,"column":31}},"type":"binary-expr","locations":[{"start":{"line":48,"column":8},"end":{"line":48,"column":20}},{"start":{"line":48,"column":20},"end":{"line":48,"column":31}}],"line":48},"3":{"loc":{"start":{"line":61,"column":19},"end":{"line":61,"column":null}},"type":"cond-expr","locations":[{"start":{"line":61,"column":44},"end":{"line":61,"column":54}},{"start":{"line":61,"column":54},"end":{"line":61,"column":null}}],"line":61},"4":{"loc":{"start":{"line":77,"column":19},"end":{"line":79,"column":null}},"type":"cond-expr","locations":[{"start":{"line":78,"column":14},"end":{"line":78,"column":null}},{"start":{"line":79,"column":15},"end":{"line":79,"column":null}}],"line":77},"5":{"loc":{"start":{"line":79,"column":15},"end":{"line":79,"column":null}},"type":"binary-expr","locations":[{"start":{"line":79,"column":15},"end":{"line":79,"column":29}},{"start":{"line":79,"column":29},"end":{"line":79,"column":null}}],"line":79},"6":{"loc":{"start":{"line":97,"column":4},"end":{"line":99,"column":null}},"type":"if","locations":[{"start":{"line":97,"column":4},"end":{"line":99,"column":null}},{"start":{},"end":{}}],"line":97},"7":{"loc":{"start":{"line":97,"column":8},"end":{"line":97,"column":42}},"type":"binary-expr","locations":[{"start":{"line":97,"column":8},"end":{"line":97,"column":29}},{"start":{"line":97,"column":29},"end":{"line":97,"column":42}}],"line":97},"8":{"loc":{"start":{"line":148,"column":33},"end":{"line":148,"column":null}},"type":"cond-expr","locations":[{"start":{"line":148,"column":55},"end":{"line":148,"column":74}},{"start":{"line":148,"column":74},"end":{"line":148,"column":null}}],"line":148},"9":{"loc":{"start":{"line":151,"column":39},"end":{"line":151,"column":null}},"type":"cond-expr","locations":[{"start":{"line":151,"column":61},"end":{"line":151,"column":82}},{"start":{"line":151,"column":82},"end":{"line":151,"column":null}}],"line":151},"10":{"loc":{"start":{"line":154,"column":15},"end":{"line":154,"column":null}},"type":"cond-expr","locations":[{"start":{"line":154,"column":37},"end":{"line":154,"column":44}},{"start":{"line":154,"column":44},"end":{"line":154,"column":null}}],"line":154},"11":{"loc":{"start":{"line":157,"column":39},"end":{"line":157,"column":null}},"type":"cond-expr","locations":[{"start":{"line":157,"column":61},"end":{"line":157,"column":82}},{"start":{"line":157,"column":82},"end":{"line":157,"column":null}}],"line":157},"12":{"loc":{"start":{"line":159,"column":19},"end":{"line":161,"column":null}},"type":"cond-expr","locations":[{"start":{"line":160,"column":18},"end":{"line":160,"column":85}},{"start":{"line":161,"column":18},"end":{"line":161,"column":null}}],"line":159},"13":{"loc":{"start":{"line":168,"column":9},"end":{"line":177,"column":null}},"type":"binary-expr","locations":[{"start":{"line":168,"column":9},"end":{"line":168,"column":null}},{"start":{"line":169,"column":10},"end":{"line":177,"column":null}}],"line":168},"14":{"loc":{"start":{"line":209,"column":20},"end":{"line":209,"column":51}},"type":"binary-expr","locations":[{"start":{"line":209,"column":20},"end":{"line":209,"column":33}},{"start":{"line":209,"column":33},"end":{"line":209,"column":51}}],"line":209},"15":{"loc":{"start":{"line":213,"column":11},"end":{"line":213,"column":null}},"type":"cond-expr","locations":[{"start":{"line":213,"column":23},"end":{"line":213,"column":29}},{"start":{"line":213,"column":29},"end":{"line":213,"column":null}}],"line":213}},"s":{"0":2,"1":143,"2":143,"3":143,"4":143,"5":143,"6":143,"7":143,"8":30,"9":143,"10":7,"11":7,"12":0,"13":7,"14":7,"15":7,"16":7,"17":7,"18":7,"19":7,"20":0,"21":7,"22":6,"23":6,"24":6,"25":1,"26":1,"27":7,"28":7,"29":143,"30":114,"31":1,"32":1,"33":143,"34":1144,"35":1,"36":164,"37":113,"38":5},"f":{"0":143,"1":30,"2":7,"3":7,"4":0,"5":6,"6":1,"7":114,"8":1144,"9":1,"10":164,"11":113,"12":5},"b":{"0":[7,6],"1":[0,7],"2":[7,7],"3":[0,0],"4":[5,1],"5":[1,0],"6":[1,113],"7":[114,1],"8":[14,150],"9":[14,150],"10":[14,150],"11":[14,150],"12":[150,14],"13":[143,7],"14":[143,136],"15":[7,136]},"meta":{"lastBranch":16,"lastFunction":13,"lastStatement":39,"seen":{"s:14:24:27:Infinity":0,"f:30:24:30:35":0,"s:31:22:31:67":1,"s:32:22:32:52":2,"s:33:22:33:55":3,"s:35:8:35:33":4,"s:36:8:36:33":5,"s:38:10:38:39":6,"s:41:2:43:Infinity":7,"f:41:2:41:18":1,"s:42:4:42:Infinity":8,"s:46:8:94:51":9,"f:46:34:46:41":2,"s:47:10:47:47":10,"b:47:21:47:29:47:29:47:41":0,"b:48:4:48:Infinity:undefined:undefined:undefined:undefined":1,"s:48:4:48:Infinity":11,"b:48:8:48:20:48:20:48:31":2,"s:48:32:48:Infinity":12,"s:50:4:50:Infinity":13,"s:51:4:51:Infinity":14,"f:51:4:51:17":3,"s:51:26:51:71":15,"s:52:4:52:Infinity":16,"s:54:4:54:Infinity":17,"s:56:4:92:Infinity":18,"s:58:22:63:11":19,"f:60:9:60:14":4,"s:60:21:63:11":20,"b:61:44:61:54:61:54:61:Infinity":3,"s:65:23:69:8":21,"s:71:19:71:40":22,"s:73:6:81:Infinity":23,"f:73:6:73:19":5,"s:73:28:80:Infinity":24,"b:78:14:78:Infinity:79:15:79:Infinity":4,"b:79:15:79:29:79:29:79:Infinity":5,"s:83:6:89:Infinity":25,"f:83:6:83:19":6,"s:83:28:88:Infinity":26,"s:91:6:91:Infinity":27,"s:92:6:92:Infinity":28,"s:96:8:99:Infinity":29,"f:96:8:96:25":7,"b:97:4:99:Infinity:undefined:undefined:undefined:undefined":6,"s:97:4:99:Infinity":30,"b:97:8:97:29:97:29:97:42":7,"s:98:6:98:Infinity":31,"s:99:6:99:Infinity":32,"s:103:2:223:Infinity":33,"f:122:24:122:29":8,"s:123:12:131:Infinity":34,"f:126:14:126:29":9,"s:126:29:126:47":35,"f:145:18:145:23":10,"s:146:10:164:Infinity":36,"b:148:55:148:74:148:74:148:Infinity":8,"b:151:61:151:82:151:82:151:Infinity":9,"b:154:37:154:44:154:44:154:Infinity":10,"b:157:61:157:82:157:82:157:Infinity":11,"b:160:18:160:85:161:18:161:Infinity":12,"b:168:9:168:Infinity:169:10:177:Infinity":13,"f:199:10:199:21":11,"s:199:27:199:56":37,"f:208:10:208:25":12,"s:208:25:208:38":38,"b:209:20:209:33:209:33:209:51":14,"b:213:23:213:29:213:29:213:Infinity":15}}}
,"D:\\Voteguide-india\\src\\pages\\FAQPage.jsx": {"path":"D:\\Voteguide-india\\src\\pages\\FAQPage.jsx","statementMap":{"0":{"start":{"line":12,"column":27},"end":{"line":29,"column":null}},"1":{"start":{"line":32,"column":20},"end":{"line":32,"column":50}},"2":{"start":{"line":33,"column":10},"end":{"line":33,"column":39}},"3":{"start":{"line":35,"column":8},"end":{"line":39,"column":null}},"4":{"start":{"line":36,"column":17},"end":{"line":36,"column":null}},"5":{"start":{"line":37,"column":4},"end":{"line":37,"column":null}},"6":{"start":{"line":38,"column":4},"end":{"line":39,"column":null}},"7":{"start":{"line":39,"column":6},"end":{"line":39,"column":null}},"8":{"start":{"line":43,"column":2},"end":{"line":200,"column":null}},"9":{"start":{"line":53,"column":10},"end":{"line":75,"column":null}},"10":{"start":{"line":56,"column":29},"end":{"line":56,"column":41}},"11":{"start":{"line":110,"column":16},"end":{"line":110,"column":null}},"12":{"start":{"line":132,"column":16},"end":{"line":132,"column":null}},"13":{"start":{"line":160,"column":12},"end":{"line":177,"column":null}}},"fnMap":{"0":{"name":"FAQPage","decl":{"start":{"line":31,"column":24},"end":{"line":31,"column":34}},"loc":{"start":{"line":31,"column":34},"end":{"line":200,"column":null}},"line":31},"1":{"name":"(anonymous_1)","decl":{"start":{"line":35,"column":8},"end":{"line":35,"column":21}},"loc":{"start":{"line":35,"column":31},"end":{"line":39,"column":null}},"line":35},"2":{"name":"(anonymous_2)","decl":{"start":{"line":52,"column":14},"end":{"line":52,"column":19}},"loc":{"start":{"line":53,"column":10},"end":{"line":75,"column":null}},"line":53},"3":{"name":"(anonymous_3)","decl":{"start":{"line":56,"column":14},"end":{"line":56,"column":29}},"loc":{"start":{"line":56,"column":29},"end":{"line":56,"column":41}},"line":56},"4":{"name":"(anonymous_4)","decl":{"start":{"line":109,"column":124},"end":{"line":109,"column":129}},"loc":{"start":{"line":110,"column":16},"end":{"line":110,"column":null}},"line":110},"5":{"name":"(anonymous_5)","decl":{"start":{"line":131,"column":16},"end":{"line":131,"column":21}},"loc":{"start":{"line":132,"column":16},"end":{"line":132,"column":null}},"line":132},"6":{"name":"(anonymous_6)","decl":{"start":{"line":159,"column":30},"end":{"line":159,"column":35}},"loc":{"start":{"line":160,"column":12},"end":{"line":177,"column":null}},"line":160}},"branchMap":{"0":{"loc":{"start":{"line":36,"column":17},"end":{"line":36,"column":null}},"type":"cond-expr","locations":[{"start":{"line":36,"column":39},"end":{"line":36,"column":46}},{"start":{"line":36,"column":46},"end":{"line":36,"column":null}}],"line":36},"1":{"loc":{"start":{"line":38,"column":4},"end":{"line":39,"column":null}},"type":"if","locations":[{"start":{"line":38,"column":4},"end":{"line":39,"column":null}},{"start":{},"end":{}}],"line":38},"2":{"loc":{"start":{"line":62,"column":17},"end":{"line":62,"column":null}},"type":"cond-expr","locations":[{"start":{"line":62,"column":35},"end":{"line":62,"column":41}},{"start":{"line":62,"column":41},"end":{"line":62,"column":null}}],"line":62},"3":{"loc":{"start":{"line":65,"column":13},"end":{"line":73,"column":null}},"type":"binary-expr","locations":[{"start":{"line":65,"column":13},"end":{"line":65,"column":null}},{"start":{"line":66,"column":14},"end":{"line":73,"column":null}}],"line":65}},"s":{"0":2,"1":16,"2":16,"3":16,"4":3,"5":3,"6":3,"7":2,"8":16,"9":128,"10":3,"11":64,"12":80,"13":64},"f":{"0":16,"1":3,"2":128,"3":3,"4":64,"5":80,"6":64},"b":{"0":[1,2],"1":[2,1],"2":[2,126],"3":[128,2]},"meta":{"lastBranch":4,"lastFunction":7,"lastStatement":14,"seen":{"s:12:27:29:Infinity":0,"f:31:24:31:34":0,"s:32:20:32:50":1,"s:33:10:33:39":2,"s:35:8:39:Infinity":3,"f:35:8:35:21":1,"s:36:17:36:Infinity":4,"b:36:39:36:46:36:46:36:Infinity":0,"s:37:4:37:Infinity":5,"b:38:4:39:Infinity:undefined:undefined:undefined:undefined":1,"s:38:4:39:Infinity":6,"s:39:6:39:Infinity":7,"s:43:2:200:Infinity":8,"f:52:14:52:19":2,"s:53:10:75:Infinity":9,"f:56:14:56:29":3,"s:56:29:56:41":10,"b:62:35:62:41:62:41:62:Infinity":2,"b:65:13:65:Infinity:66:14:73:Infinity":3,"f:109:124:109:129":4,"s:110:16:110:Infinity":11,"f:131:16:131:21":5,"s:132:16:132:Infinity":12,"f:159:30:159:35":6,"s:160:12:177:Infinity":13}}}
,"D:\\Voteguide-india\\src\\pages\\HomePage.jsx": {"path":"D:\\Voteguide-india\\src\\pages\\HomePage.jsx","statementMap":{"0":{"start":{"line":11,"column":17},"end":{"line":42,"column":null}},"1":{"start":{"line":44,"column":22},"end":{"line":52,"column":null}},"2":{"start":{"line":54,"column":19},"end":{"line":59,"column":null}},"3":{"start":{"line":63,"column":10},"end":{"line":63,"column":39}},"4":{"start":{"line":65,"column":8},"end":{"line":67,"column":null}},"5":{"start":{"line":66,"column":4},"end":{"line":66,"column":null}},"6":{"start":{"line":67,"column":4},"end":{"line":67,"column":null}},"7":{"start":{"line":70,"column":2},"end":{"line":230,"column":null}},"8":{"start":{"line":93,"column":29},"end":{"line":93,"column":58}},"9":{"start":{"line":99,"column":29},"end":{"line":99,"column":55}},"10":{"start":{"line":115,"column":10},"end":{"line":118,"column":null}},"11":{"start":{"line":134,"column":14},"end":{"line":143,"column":null}},"12":{"start":{"line":137,"column":31},"end":{"line":137,"column":54}},"13":{"start":{"line":158,"column":14},"end":{"line":183,"column":null}},"14":{"start":{"line":161,"column":33},"end":{"line":161,"column":52}},"15":{"start":{"line":190,"column":29},"end":{"line":190,"column":48}},"16":{"start":{"line":216,"column":16},"end":{"line":223,"column":null}},"17":{"start":{"line":234,"column":0},"end":{"line":237,"column":null}}},"fnMap":{"0":{"name":"HomePage","decl":{"start":{"line":62,"column":24},"end":{"line":62,"column":33}},"loc":{"start":{"line":62,"column":47},"end":{"line":230,"column":null}},"line":62},"1":{"name":"(anonymous_1)","decl":{"start":{"line":65,"column":8},"end":{"line":65,"column":30}},"loc":{"start":{"line":65,"column":38},"end":{"line":67,"column":null}},"line":65},"2":{"name":"(anonymous_2)","decl":{"start":{"line":93,"column":14},"end":{"line":93,"column":29}},"loc":{"start":{"line":93,"column":29},"end":{"line":93,"column":58}},"line":93},"3":{"name":"(anonymous_3)","decl":{"start":{"line":99,"column":14},"end":{"line":99,"column":29}},"loc":{"start":{"line":99,"column":29},"end":{"line":99,"column":55}},"line":99},"4":{"name":"(anonymous_4)","decl":{"start":{"line":114,"column":10},"end":{"line":114,"column":15}},"loc":{"start":{"line":115,"column":10},"end":{"line":118,"column":null}},"line":115},"5":{"name":"(anonymous_5)","decl":{"start":{"line":133,"column":22},"end":{"line":133,"column":27}},"loc":{"start":{"line":134,"column":14},"end":{"line":143,"column":null}},"line":134},"6":{"name":"(anonymous_6)","decl":{"start":{"line":137,"column":16},"end":{"line":137,"column":31}},"loc":{"start":{"line":137,"column":31},"end":{"line":137,"column":54}},"line":137},"7":{"name":"(anonymous_7)","decl":{"start":{"line":157,"column":27},"end":{"line":157,"column":32}},"loc":{"start":{"line":158,"column":14},"end":{"line":183,"column":null}},"line":158},"8":{"name":"(anonymous_8)","decl":{"start":{"line":161,"column":18},"end":{"line":161,"column":33}},"loc":{"start":{"line":161,"column":33},"end":{"line":161,"column":52}},"line":161},"9":{"name":"(anonymous_9)","decl":{"start":{"line":190,"column":14},"end":{"line":190,"column":29}},"loc":{"start":{"line":190,"column":29},"end":{"line":190,"column":48}},"line":190},"10":{"name":"(anonymous_10)","decl":{"start":{"line":215,"column":26},"end":{"line":215,"column":31}},"loc":{"start":{"line":216,"column":16},"end":{"line":223,"column":null}},"line":216}},"branchMap":{"0":{"loc":{"start":{"line":178,"column":17},"end":{"line":183,"column":null}},"type":"binary-expr","locations":[{"start":{"line":178,"column":17},"end":{"line":178,"column":null}},{"start":{"line":179,"column":18},"end":{"line":183,"column":null}}],"line":178}},"s":{"0":2,"1":2,"2":2,"3":22,"4":22,"5":3,"6":3,"7":22,"8":1,"9":1,"10":88,"11":110,"12":1,"13":154,"14":1,"15":0,"16":88,"17":2},"f":{"0":22,"1":3,"2":1,"3":1,"4":88,"5":110,"6":1,"7":154,"8":1,"9":0,"10":88},"b":{"0":[154,132]},"meta":{"lastBranch":1,"lastFunction":11,"lastStatement":18,"seen":{"s:11:17:42:Infinity":0,"s:44:22:52:Infinity":1,"s:54:19:59:Infinity":2,"f:62:24:62:33":0,"s:63:10:63:39":3,"s:65:8:67:Infinity":4,"f:65:8:65:30":1,"s:66:4:66:Infinity":5,"s:67:4:67:Infinity":6,"s:70:2:230:Infinity":7,"f:93:14:93:29":2,"s:93:29:93:58":8,"f:99:14:99:29":3,"s:99:29:99:55":9,"f:114:10:114:15":4,"s:115:10:118:Infinity":10,"f:133:22:133:27":5,"s:134:14:143:Infinity":11,"f:137:16:137:31":6,"s:137:31:137:54":12,"f:157:27:157:32":7,"s:158:14:183:Infinity":13,"f:161:18:161:33":8,"s:161:33:161:52":14,"b:178:17:178:Infinity:179:18:183:Infinity":0,"f:190:14:190:29":9,"s:190:29:190:48":15,"f:215:26:215:31":10,"s:216:16:223:Infinity":16,"s:234:0:237:Infinity":17}}}
,"D:\\Voteguide-india\\src\\pages\\MapPage.jsx": {"path":"D:\\Voteguide-india\\src\\pages\\MapPage.jsx","statementMap":{"0":{"start":{"line":18,"column":21},"end":{"line":18,"column":null}},"1":{"start":{"line":21,"column":22},"end":{"line":21,"column":null}},"2":{"start":{"line":22,"column":22},"end":{"line":22,"column":null}},"3":{"start":{"line":23,"column":22},"end":{"line":23,"column":null}},"4":{"start":{"line":27,"column":2},"end":{"line":54,"column":null}},"5":{"start":{"line":29,"column":4},"end":{"line":29,"column":null}},"6":{"start":{"line":29,"column":36},"end":{"line":29,"column":47}},"7":{"start":{"line":29,"column":47},"end":{"line":29,"column":null}},"8":{"start":{"line":32,"column":21},"end":{"line":32,"column":93}},"9":{"start":{"line":33,"column":4},"end":{"line":40,"column":null}},"10":{"start":{"line":34,"column":20},"end":{"line":39,"column":13}},"11":{"start":{"line":35,"column":8},"end":{"line":37,"column":null}},"12":{"start":{"line":36,"column":10},"end":{"line":36,"column":null}},"13":{"start":{"line":37,"column":10},"end":{"line":37,"column":null}},"14":{"start":{"line":40,"column":6},"end":{"line":40,"column":null}},"15":{"start":{"line":43,"column":4},"end":{"line":45,"column":null}},"16":{"start":{"line":44,"column":6},"end":{"line":44,"column":null}},"17":{"start":{"line":45,"column":6},"end":{"line":45,"column":null}},"18":{"start":{"line":48,"column":21},"end":{"line":48,"column":53}},"19":{"start":{"line":49,"column":4},"end":{"line":49,"column":null}},"20":{"start":{"line":50,"column":4},"end":{"line":50,"column":null}},"21":{"start":{"line":51,"column":4},"end":{"line":51,"column":null}},"22":{"start":{"line":52,"column":4},"end":{"line":52,"column":null}},"23":{"start":{"line":53,"column":4},"end":{"line":53,"column":null}},"24":{"start":{"line":58,"column":25},"end":{"line":58,"column":60}},"25":{"start":{"line":59,"column":25},"end":{"line":59,"column":58}},"26":{"start":{"line":60,"column":25},"end":{"line":60,"column":61}},"27":{"start":{"line":61,"column":25},"end":{"line":61,"column":61}},"28":{"start":{"line":63,"column":8},"end":{"line":63,"column":35}},"29":{"start":{"line":64,"column":8},"end":{"line":64,"column":35}},"30":{"start":{"line":65,"column":8},"end":{"line":65,"column":33}},"31":{"start":{"line":66,"column":8},"end":{"line":66,"column":36}},"32":{"start":{"line":68,"column":10},"end":{"line":68,"column":39}},"33":{"start":{"line":71,"column":2},"end":{"line":77,"column":null}},"34":{"start":{"line":72,"column":4},"end":{"line":72,"column":null}},"35":{"start":{"line":72,"column":25},"end":{"line":72,"column":44}},"36":{"start":{"line":72,"column":44},"end":{"line":72,"column":null}},"37":{"start":{"line":74,"column":4},"end":{"line":76,"column":null}},"38":{"start":{"line":75,"column":18},"end":{"line":75,"column":35}},"39":{"start":{"line":76,"column":19},"end":{"line":76,"column":36}},"40":{"start":{"line":80,"column":2},"end":{"line":133,"column":null}},"41":{"start":{"line":81,"column":4},"end":{"line":81,"column":null}},"42":{"start":{"line":81,"column":39},"end":{"line":81,"column":null}},"43":{"start":{"line":83,"column":4},"end":{"line":85,"column":null}},"44":{"start":{"line":84,"column":6},"end":{"line":84,"column":null}},"45":{"start":{"line":85,"column":6},"end":{"line":85,"column":null}},"46":{"start":{"line":88,"column":16},"end":{"line":99,"column":6}},"47":{"start":{"line":101,"column":4},"end":{"line":101,"column":null}},"48":{"start":{"line":102,"column":4},"end":{"line":102,"column":null}},"49":{"start":{"line":104,"column":4},"end":{"line":132,"column":null}},"50":{"start":{"line":105,"column":21},"end":{"line":117,"column":8}},"51":{"start":{"line":119,"column":6},"end":{"line":129,"column":null}},"52":{"start":{"line":120,"column":8},"end":{"line":126,"column":null}},"53":{"start":{"line":127,"column":8},"end":{"line":127,"column":null}},"54":{"start":{"line":128,"column":8},"end":{"line":128,"column":null}},"55":{"start":{"line":131,"column":6},"end":{"line":131,"column":null}},"56":{"start":{"line":136,"column":8},"end":{"line":140,"column":8}},"57":{"start":{"line":137,"column":4},"end":{"line":137,"column":null}},"58":{"start":{"line":137,"column":32},"end":{"line":137,"column":null}},"59":{"start":{"line":138,"column":4},"end":{"line":138,"column":null}},"60":{"start":{"line":139,"column":4},"end":{"line":139,"column":null}},"61":{"start":{"line":142,"column":8},"end":{"line":146,"column":31}},"62":{"start":{"line":143,"column":4},"end":{"line":143,"column":null}},"63":{"start":{"line":144,"column":4},"end":{"line":144,"column":null}},"64":{"start":{"line":145,"column":4},"end":{"line":145,"column":null}},"65":{"start":{"line":149,"column":26},"end":{"line":151,"column":null}},"66":{"start":{"line":150,"column":4},"end":{"line":151,"column":null}},"67":{"start":{"line":155,"column":8},"end":{"line":161,"column":null}},"68":{"start":{"line":156,"column":4},"end":{"line":158,"column":null}},"69":{"start":{"line":157,"column":6},"end":{"line":157,"column":null}},"70":{"start":{"line":158,"column":6},"end":{"line":158,"column":null}},"71":{"start":{"line":160,"column":4},"end":{"line":160,"column":null}},"72":{"start":{"line":160,"column":32},"end":{"line":160,"column":null}},"73":{"start":{"line":161,"column":4},"end":{"line":161,"column":null}},"74":{"start":{"line":165,"column":19},"end":{"line":167,"column":null}},"75":{"start":{"line":169,"column":2},"end":{"line":348,"column":null}},"76":{"start":{"line":201,"column":31},"end":{"line":201,"column":61}},"77":{"start":{"line":227,"column":16},"end":{"line":242,"column":null}},"78":{"start":{"line":233,"column":35},"end":{"line":233,"column":61}}},"fnMap":{"0":{"name":"loadMapsScript","decl":{"start":{"line":26,"column":9},"end":{"line":26,"column":24}},"loc":{"start":{"line":26,"column":32},"end":{"line":54,"column":null}},"line":26},"1":{"name":"(anonymous_1)","decl":{"start":{"line":27,"column":13},"end":{"line":27,"column":22}},"loc":{"start":{"line":27,"column":42},"end":{"line":54,"column":null}},"line":27},"2":{"name":"(anonymous_2)","decl":{"start":{"line":34,"column":20},"end":{"line":34,"column":38}},"loc":{"start":{"line":34,"column":38},"end":{"line":39,"column":13}},"line":34},"3":{"name":"(anonymous_3)","decl":{"start":{"line":43,"column":11},"end":{"line":43,"column":41}},"loc":{"start":{"line":43,"column":41},"end":{"line":45,"column":null}},"line":43},"4":{"name":"MapPage","decl":{"start":{"line":57,"column":24},"end":{"line":57,"column":34}},"loc":{"start":{"line":57,"column":34},"end":{"line":348,"column":null}},"line":57},"5":{"name":"(anonymous_5)","decl":{"start":{"line":71,"column":2},"end":{"line":71,"column":18}},"loc":{"start":{"line":71,"column":18},"end":{"line":77,"column":7}},"line":71},"6":{"name":"(anonymous_6)","decl":{"start":{"line":75,"column":7},"end":{"line":75,"column":18}},"loc":{"start":{"line":75,"column":18},"end":{"line":75,"column":35}},"line":75},"7":{"name":"(anonymous_7)","decl":{"start":{"line":76,"column":7},"end":{"line":76,"column":19}},"loc":{"start":{"line":76,"column":19},"end":{"line":76,"column":36}},"line":76},"8":{"name":"(anonymous_8)","decl":{"start":{"line":80,"column":2},"end":{"line":80,"column":18}},"loc":{"start":{"line":80,"column":18},"end":{"line":133,"column":6}},"line":80},"9":{"name":"(anonymous_9)","decl":{"start":{"line":104,"column":16},"end":{"line":104,"column":25}},"loc":{"start":{"line":104,"column":36},"end":{"line":132,"column":null}},"line":104},"10":{"name":"(anonymous_10)","decl":{"start":{"line":119,"column":25},"end":{"line":119,"column":40}},"loc":{"start":{"line":119,"column":40},"end":{"line":129,"column":null}},"line":119},"11":{"name":"(anonymous_11)","decl":{"start":{"line":136,"column":22},"end":{"line":136,"column":35}},"loc":{"start":{"line":136,"column":46},"end":{"line":140,"column":7}},"line":136},"12":{"name":"(anonymous_12)","decl":{"start":{"line":142,"column":29},"end":{"line":142,"column":42}},"loc":{"start":{"line":142,"column":53},"end":{"line":146,"column":6}},"line":142},"13":{"name":"(anonymous_13)","decl":{"start":{"line":149,"column":38},"end":{"line":149,"column":46}},"loc":{"start":{"line":150,"column":4},"end":{"line":151,"column":null}},"line":150},"14":{"name":"(anonymous_14)","decl":{"start":{"line":155,"column":8},"end":{"line":155,"column":25}},"loc":{"start":{"line":155,"column":25},"end":{"line":161,"column":null}},"line":155},"15":{"name":"(anonymous_15)","decl":{"start":{"line":201,"column":14},"end":{"line":201,"column":25}},"loc":{"start":{"line":201,"column":31},"end":{"line":201,"column":61}},"line":201},"16":{"name":"(anonymous_16)","decl":{"start":{"line":226,"column":30},"end":{"line":226,"column":35}},"loc":{"start":{"line":227,"column":16},"end":{"line":242,"column":null}},"line":227},"17":{"name":"(anonymous_17)","decl":{"start":{"line":233,"column":20},"end":{"line":233,"column":35}},"loc":{"start":{"line":233,"column":35},"end":{"line":233,"column":61}},"line":233}},"branchMap":{"0":{"loc":{"start":{"line":18,"column":21},"end":{"line":18,"column":null}},"type":"binary-expr","locations":[{"start":{"line":18,"column":21},"end":{"line":18,"column":65}},{"start":{"line":18,"column":65},"end":{"line":18,"column":null}}],"line":18},"1":{"loc":{"start":{"line":29,"column":4},"end":{"line":29,"column":null}},"type":"if","locations":[{"start":{"line":29,"column":4},"end":{"line":29,"column":null}},{"start":{},"end":{}}],"line":29},"2":{"loc":{"start":{"line":33,"column":4},"end":{"line":40,"column":null}},"type":"if","locations":[{"start":{"line":33,"column":4},"end":{"line":40,"column":null}},{"start":{},"end":{}}],"line":33},"3":{"loc":{"start":{"line":35,"column":8},"end":{"line":37,"column":null}},"type":"if","locations":[{"start":{"line":35,"column":8},"end":{"line":37,"column":null}},{"start":{},"end":{}}],"line":35},"4":{"loc":{"start":{"line":72,"column":4},"end":{"line":72,"column":null}},"type":"if","locations":[{"start":{"line":72,"column":4},"end":{"line":72,"column":null}},{"start":{},"end":{}}],"line":72},"5":{"loc":{"start":{"line":81,"column":4},"end":{"line":81,"column":null}},"type":"if","locations":[{"start":{"line":81,"column":4},"end":{"line":81,"column":null}},{"start":{},"end":{}}],"line":81},"6":{"loc":{"start":{"line":81,"column":8},"end":{"line":81,"column":38}},"type":"binary-expr","locations":[{"start":{"line":81,"column":8},"end":{"line":81,"column":21}},{"start":{"line":81,"column":21},"end":{"line":81,"column":38}}],"line":81},"7":{"loc":{"start":{"line":83,"column":4},"end":{"line":85,"column":null}},"type":"if","locations":[{"start":{"line":83,"column":4},"end":{"line":85,"column":null}},{"start":{},"end":{}}],"line":83},"8":{"loc":{"start":{"line":137,"column":4},"end":{"line":137,"column":null}},"type":"if","locations":[{"start":{"line":137,"column":4},"end":{"line":137,"column":null}},{"start":{},"end":{}}],"line":137},"9":{"loc":{"start":{"line":150,"column":4},"end":{"line":151,"column":null}},"type":"binary-expr","locations":[{"start":{"line":150,"column":4},"end":{"line":150,"column":61}},{"start":{"line":151,"column":4},"end":{"line":151,"column":null}}],"line":150},"10":{"loc":{"start":{"line":156,"column":4},"end":{"line":158,"column":null}},"type":"if","locations":[{"start":{"line":156,"column":4},"end":{"line":158,"column":null}},{"start":{},"end":{}}],"line":156},"11":{"loc":{"start":{"line":160,"column":4},"end":{"line":160,"column":null}},"type":"if","locations":[{"start":{"line":160,"column":4},"end":{"line":160,"column":null}},{"start":{},"end":{}}],"line":160},"12":{"loc":{"start":{"line":165,"column":19},"end":{"line":167,"column":null}},"type":"cond-expr","locations":[{"start":{"line":166,"column":6},"end":{"line":166,"column":null}},{"start":{"line":167,"column":6},"end":{"line":167,"column":null}}],"line":165},"13":{"loc":{"start":{"line":207,"column":11},"end":{"line":216,"column":null}},"type":"binary-expr","locations":[{"start":{"line":207,"column":11},"end":{"line":207,"column":null}},{"start":{"line":208,"column":12},"end":{"line":216,"column":null}}],"line":207},"14":{"loc":{"start":{"line":221,"column":13},"end":{"line":242,"column":null}},"type":"cond-expr","locations":[{"start":{"line":222,"column":14},"end":{"line":226,"column":30}},{"start":{"line":226,"column":14},"end":{"line":242,"column":null}}],"line":221},"15":{"loc":{"start":{"line":232,"column":45},"end":{"line":232,"column":null}},"type":"cond-expr","locations":[{"start":{"line":232,"column":86},"end":{"line":232,"column":111}},{"start":{"line":232,"column":111},"end":{"line":232,"column":null}}],"line":232},"16":{"loc":{"start":{"line":255,"column":13},"end":{"line":260,"column":null}},"type":"binary-expr","locations":[{"start":{"line":255,"column":13},"end":{"line":255,"column":null}},{"start":{"line":256,"column":14},"end":{"line":260,"column":null}}],"line":255},"17":{"loc":{"start":{"line":264,"column":13},"end":{"line":274,"column":null}},"type":"binary-expr","locations":[{"start":{"line":264,"column":13},"end":{"line":264,"column":25}},{"start":{"line":264,"column":25},"end":{"line":264,"column":null}},{"start":{"line":265,"column":14},"end":{"line":274,"column":null}}],"line":264},"18":{"loc":{"start":{"line":278,"column":13},"end":{"line":303,"column":null}},"type":"binary-expr","locations":[{"start":{"line":278,"column":13},"end":{"line":278,"column":25}},{"start":{"line":278,"column":25},"end":{"line":278,"column":null}},{"start":{"line":279,"column":14},"end":{"line":303,"column":null}}],"line":278},"19":{"loc":{"start":{"line":309,"column":11},"end":{"line":336,"column":null}},"type":"binary-expr","locations":[{"start":{"line":309,"column":11},"end":{"line":309,"column":null}},{"start":{"line":310,"column":12},"end":{"line":336,"column":null}}],"line":309}},"s":{"0":1,"1":1,"2":1,"3":1,"4":5,"5":5,"6":4,"7":4,"8":1,"9":1,"10":0,"11":0,"12":0,"13":0,"14":0,"15":1,"16":0,"17":0,"18":1,"19":1,"20":1,"21":1,"22":1,"23":1,"24":12,"25":12,"26":12,"27":12,"28":12,"29":12,"30":12,"31":12,"32":12,"33":12,"34":5,"35":0,"36":0,"37":5,"38":4,"39":1,"40":12,"41":8,"42":5,"43":3,"44":0,"45":0,"46":3,"47":3,"48":3,"49":3,"50":96,"51":96,"52":0,"53":0,"54":0,"55":96,"56":12,"57":1,"58":1,"59":0,"60":0,"61":12,"62":1,"63":1,"64":1,"65":12,"66":352,"67":12,"68":0,"69":0,"70":0,"71":0,"72":0,"73":0,"74":12,"75":12,"76":1,"77":290,"78":1},"f":{"0":5,"1":5,"2":0,"3":0,"4":12,"5":5,"6":4,"7":1,"8":8,"9":96,"10":0,"11":1,"12":1,"13":352,"14":0,"15":1,"16":290,"17":1},"b":{"0":[1,0],"1":[4,1],"2":[0,1],"3":[0,0],"4":[0,5],"5":[5,3],"6":[8,3],"7":[0,3],"8":[1,0],"9":[352,62],"10":[0,0],"11":[0,0],"12":[2,9],"13":[12,2],"14":[0,11],"15":[2,288],"16":[12,10],"17":[12,1,1],"18":[12,1,0],"19":[12,2]},"meta":{"lastBranch":20,"lastFunction":18,"lastStatement":79,"seen":{"s:18:21:18:Infinity":0,"b:18:21:18:65:18:65:18:Infinity":0,"s:21:22:21:Infinity":1,"s:22:22:22:Infinity":2,"s:23:22:23:Infinity":3,"f:26:9:26:24":0,"s:27:2:54:Infinity":4,"f:27:13:27:22":1,"b:29:4:29:Infinity:undefined:undefined:undefined:undefined":1,"s:29:4:29:Infinity":5,"s:29:36:29:47":6,"s:29:47:29:Infinity":7,"s:32:21:32:93":8,"b:33:4:40:Infinity:undefined:undefined:undefined:undefined":2,"s:33:4:40:Infinity":9,"s:34:20:39:13":10,"f:34:20:34:38":2,"b:35:8:37:Infinity:undefined:undefined:undefined:undefined":3,"s:35:8:37:Infinity":11,"s:36:10:36:Infinity":12,"s:37:10:37:Infinity":13,"s:40:6:40:Infinity":14,"s:43:4:45:Infinity":15,"f:43:11:43:41":3,"s:44:6:44:Infinity":16,"s:45:6:45:Infinity":17,"s:48:21:48:53":18,"s:49:4:49:Infinity":19,"s:50:4:50:Infinity":20,"s:51:4:51:Infinity":21,"s:52:4:52:Infinity":22,"s:53:4:53:Infinity":23,"f:57:24:57:34":4,"s:58:25:58:60":24,"s:59:25:59:58":25,"s:60:25:60:61":26,"s:61:25:61:61":27,"s:63:8:63:35":28,"s:64:8:64:35":29,"s:65:8:65:33":30,"s:66:8:66:36":31,"s:68:10:68:39":32,"s:71:2:77:Infinity":33,"f:71:2:71:18":5,"b:72:4:72:Infinity:undefined:undefined:undefined:undefined":4,"s:72:4:72:Infinity":34,"s:72:25:72:44":35,"s:72:44:72:Infinity":36,"s:74:4:76:Infinity":37,"f:75:7:75:18":6,"s:75:18:75:35":38,"f:76:7:76:19":7,"s:76:19:76:36":39,"s:80:2:133:Infinity":40,"f:80:2:80:18":8,"b:81:4:81:Infinity:undefined:undefined:undefined:undefined":5,"s:81:4:81:Infinity":41,"b:81:8:81:21:81:21:81:38":6,"s:81:39:81:Infinity":42,"b:83:4:85:Infinity:undefined:undefined:undefined:undefined":7,"s:83:4:85:Infinity":43,"s:84:6:84:Infinity":44,"s:85:6:85:Infinity":45,"s:88:16:99:6":46,"s:101:4:101:Infinity":47,"s:102:4:102:Infinity":48,"s:104:4:132:Infinity":49,"f:104:16:104:25":9,"s:105:21:117:8":50,"s:119:6:129:Infinity":51,"f:119:25:119:40":10,"s:120:8:126:Infinity":52,"s:127:8:127:Infinity":53,"s:128:8:128:Infinity":54,"s:131:6:131:Infinity":55,"s:136:8:140:8":56,"f:136:22:136:35":11,"b:137:4:137:Infinity:undefined:undefined:undefined:undefined":8,"s:137:4:137:Infinity":57,"s:137:32:137:Infinity":58,"s:138:4:138:Infinity":59,"s:139:4:139:Infinity":60,"s:142:8:146:31":61,"f:142:29:142:42":12,"s:143:4:143:Infinity":62,"s:144:4:144:Infinity":63,"s:145:4:145:Infinity":64,"s:149:26:151:Infinity":65,"f:149:38:149:46":13,"s:150:4:151:Infinity":66,"b:150:4:150:61:151:4:151:Infinity":9,"s:155:8:161:Infinity":67,"f:155:8:155:25":14,"b:156:4:158:Infinity:undefined:undefined:undefined:undefined":10,"s:156:4:158:Infinity":68,"s:157:6:157:Infinity":69,"s:158:6:158:Infinity":70,"b:160:4:160:Infinity:undefined:undefined:undefined:undefined":11,"s:160:4:160:Infinity":71,"s:160:32:160:Infinity":72,"s:161:4:161:Infinity":73,"s:165:19:167:Infinity":74,"b:166:6:166:Infinity:167:6:167:Infinity":12,"s:169:2:348:Infinity":75,"f:201:14:201:25":15,"s:201:31:201:61":76,"b:207:11:207:Infinity:208:12:216:Infinity":13,"b:222:14:226:30:226:14:242:Infinity":14,"f:226:30:226:35":16,"s:227:16:242:Infinity":77,"b:232:86:232:111:232:111:232:Infinity":15,"f:233:20:233:35":17,"s:233:35:233:61":78,"b:255:13:255:Infinity:256:14:260:Infinity":16,"b:264:13:264:25:264:25:264:Infinity:265:14:274:Infinity":17,"b:278:13:278:25:278:25:278:Infinity:279:14:303:Infinity":18,"b:309:11:309:Infinity:310:12:336:Infinity":19}}}
,"D:\\Voteguide-india\\src\\pages\\ProcessPage.jsx": {"path":"D:\\Voteguide-india\\src\\pages\\ProcessPage.jsx","statementMap":{"0":{"start":{"line":13,"column":18},"end":{"line":20,"column":null}},"1":{"start":{"line":23,"column":21},"end":{"line":23,"column":52}},"2":{"start":{"line":24,"column":10},"end":{"line":24,"column":39}},"3":{"start":{"line":26,"column":8},"end":{"line":30,"column":null}},"4":{"start":{"line":27,"column":19},"end":{"line":27,"column":null}},"5":{"start":{"line":28,"column":4},"end":{"line":28,"column":null}},"6":{"start":{"line":29,"column":4},"end":{"line":30,"column":null}},"7":{"start":{"line":30,"column":6},"end":{"line":30,"column":null}},"8":{"start":{"line":34,"column":2},"end":{"line":182,"column":null}},"9":{"start":{"line":56,"column":25},"end":{"line":56,"column":null}},"10":{"start":{"line":57,"column":25},"end":{"line":57,"column":null}},"11":{"start":{"line":59,"column":10},"end":{"line":118,"column":null}},"12":{"start":{"line":87,"column":35},"end":{"line":87,"column":54}},"13":{"start":{"line":108,"column":24},"end":{"line":108,"column":null}},"14":{"start":{"line":144,"column":12},"end":{"line":163,"column":null}}},"fnMap":{"0":{"name":"ProcessPage","decl":{"start":{"line":22,"column":24},"end":{"line":22,"column":38}},"loc":{"start":{"line":22,"column":38},"end":{"line":182,"column":null}},"line":22},"1":{"name":"(anonymous_1)","decl":{"start":{"line":26,"column":8},"end":{"line":26,"column":22}},"loc":{"start":{"line":26,"column":29},"end":{"line":30,"column":null}},"line":26},"2":{"name":"(anonymous_2)","decl":{"start":{"line":55,"column":24},"end":{"line":55,"column":29}},"loc":{"start":{"line":55,"column":45},"end":{"line":118,"column":null}},"line":55},"3":{"name":"(anonymous_3)","decl":{"start":{"line":87,"column":20},"end":{"line":87,"column":35}},"loc":{"start":{"line":87,"column":35},"end":{"line":87,"column":54}},"line":87},"4":{"name":"(anonymous_4)","decl":{"start":{"line":107,"column":36},"end":{"line":107,"column":41}},"loc":{"start":{"line":108,"column":24},"end":{"line":108,"column":null}},"line":108},"5":{"name":"(anonymous_5)","decl":{"start":{"line":143,"column":21},"end":{"line":143,"column":26}},"loc":{"start":{"line":144,"column":12},"end":{"line":163,"column":null}},"line":144}},"branchMap":{"0":{"loc":{"start":{"line":27,"column":19},"end":{"line":27,"column":null}},"type":"cond-expr","locations":[{"start":{"line":27,"column":39},"end":{"line":27,"column":46}},{"start":{"line":27,"column":46},"end":{"line":27,"column":null}}],"line":27},"1":{"loc":{"start":{"line":29,"column":4},"end":{"line":30,"column":null}},"type":"if","locations":[{"start":{"line":29,"column":4},"end":{"line":30,"column":null}},{"start":{},"end":{}}],"line":29},"2":{"loc":{"start":{"line":71,"column":17},"end":{"line":71,"column":null}},"type":"binary-expr","locations":[{"start":{"line":71,"column":17},"end":{"line":71,"column":28}},{"start":{"line":71,"column":28},"end":{"line":71,"column":null}}],"line":71},"3":{"loc":{"start":{"line":76,"column":45},"end":{"line":76,"column":null}},"type":"cond-expr","locations":[{"start":{"line":76,"column":54},"end":{"line":76,"column":81}},{"start":{"line":76,"column":81},"end":{"line":76,"column":null}}],"line":76},"4":{"loc":{"start":{"line":77,"column":23},"end":{"line":77,"column":null}},"type":"cond-expr","locations":[{"start":{"line":77,"column":32},"end":{"line":77,"column":63}},{"start":{"line":77,"column":66},"end":{"line":77,"column":null}}],"line":77},"5":{"loc":{"start":{"line":90,"column":35},"end":{"line":90,"column":66}},"type":"cond-expr","locations":[{"start":{"line":90,"column":44},"end":{"line":90,"column":57}},{"start":{"line":90,"column":57},"end":{"line":90,"column":66}}],"line":90},"6":{"loc":{"start":{"line":92,"column":21},"end":{"line":92,"column":null}},"type":"cond-expr","locations":[{"start":{"line":92,"column":30},"end":{"line":92,"column":36}},{"start":{"line":92,"column":36},"end":{"line":92,"column":null}}],"line":92},"7":{"loc":{"start":{"line":99,"column":17},"end":{"line":112,"column":null}},"type":"binary-expr","locations":[{"start":{"line":99,"column":17},"end":{"line":99,"column":null}},{"start":{"line":100,"column":18},"end":{"line":112,"column":null}}],"line":99}},"s":{"0":2,"1":16,"2":16,"3":16,"4":4,"5":4,"6":4,"7":3,"8":16,"9":112,"10":112,"11":112,"12":4,"13":15,"14":96},"f":{"0":16,"1":4,"2":112,"3":4,"4":15,"5":96},"b":{"0":[1,3],"1":[3,1],"2":[112,96],"3":[3,109],"4":[3,109],"5":[3,109],"6":[3,109],"7":[112,3]},"meta":{"lastBranch":8,"lastFunction":6,"lastStatement":15,"seen":{"s:13:18:20:Infinity":0,"f:22:24:22:38":0,"s:23:21:23:52":1,"s:24:10:24:39":2,"s:26:8:30:Infinity":3,"f:26:8:26:22":1,"s:27:19:27:Infinity":4,"b:27:39:27:46:27:46:27:Infinity":0,"s:28:4:28:Infinity":5,"b:29:4:30:Infinity:undefined:undefined:undefined:undefined":1,"s:29:4:30:Infinity":6,"s:30:6:30:Infinity":7,"s:34:2:182:Infinity":8,"f:55:24:55:29":2,"s:56:25:56:Infinity":9,"s:57:25:57:Infinity":10,"s:59:10:118:Infinity":11,"b:71:17:71:28:71:28:71:Infinity":2,"b:76:54:76:81:76:81:76:Infinity":3,"b:77:32:77:63:77:66:77:Infinity":4,"f:87:20:87:35":3,"s:87:35:87:54":12,"b:90:44:90:57:90:57:90:66":5,"b:92:30:92:36:92:36:92:Infinity":6,"b:99:17:99:Infinity:100:18:112:Infinity":7,"f:107:36:107:41":4,"s:108:24:108:Infinity":13,"f:143:21:143:26":5,"s:144:12:163:Infinity":14}}}
,"D:\\Voteguide-india\\src\\pages\\TypesPage.jsx": {"path":"D:\\Voteguide-india\\src\\pages\\TypesPage.jsx","statementMap":{"0":{"start":{"line":10,"column":24},"end":{"line":19,"column":null}},"1":{"start":{"line":22,"column":2},"end":{"line":122,"column":null}},"2":{"start":{"line":32,"column":8},"end":{"line":68,"column":null}},"3":{"start":{"line":64,"column":46},"end":{"line":64,"column":null}},"4":{"start":{"line":97,"column":16},"end":{"line":102,"column":null}}},"fnMap":{"0":{"name":"TypesPage","decl":{"start":{"line":21,"column":24},"end":{"line":21,"column":36}},"loc":{"start":{"line":21,"column":36},"end":{"line":122,"column":null}},"line":21},"1":{"name":"(anonymous_1)","decl":{"start":{"line":31,"column":22},"end":{"line":31,"column":27}},"loc":{"start":{"line":32,"column":8},"end":{"line":68,"column":null}},"line":32},"2":{"name":"(anonymous_2)","decl":{"start":{"line":64,"column":29},"end":{"line":64,"column":34}},"loc":{"start":{"line":64,"column":46},"end":{"line":64,"column":null}},"line":64},"3":{"name":"(anonymous_3)","decl":{"start":{"line":96,"column":31},"end":{"line":96,"column":36}},"loc":{"start":{"line":97,"column":16},"end":{"line":102,"column":null}},"line":97}},"branchMap":{},"s":{"0":2,"1":11,"2":33,"3":165,"4":88},"f":{"0":11,"1":33,"2":165,"3":88},"b":{},"meta":{"lastBranch":0,"lastFunction":4,"lastStatement":5,"seen":{"s:10:24:19:Infinity":0,"f:21:24:21:36":0,"s:22:2:122:Infinity":1,"f:31:22:31:27":1,"s:32:8:68:Infinity":2,"f:64:29:64:34":2,"s:64:46:64:Infinity":3,"f:96:31:96:36":3,"s:97:16:102:Infinity":4}}}
,"D:\\Voteguide-india\\src\\utils\\formatMessage.js": {"path":"D:\\Voteguide-india\\src\\utils\\formatMessage.js","statementMap":{"0":{"start":{"line":17,"column":2},"end":{"line":17,"column":null}},"1":{"start":{"line":17,"column":34},"end":{"line":17,"column":44}},"2":{"start":{"line":19,"column":2},"end":{"line":23,"column":null}}},"fnMap":{"0":{"name":"formatMessage","decl":{"start":{"line":16,"column":16},"end":{"line":16,"column":29}},"loc":{"start":{"line":16,"column":36},"end":{"line":24,"column":null}},"line":16}},"branchMap":{"0":{"loc":{"start":{"line":17,"column":2},"end":{"line":17,"column":null}},"type":"if","locations":[{"start":{"line":17,"column":2},"end":{"line":17,"column":null}},{"start":{},"end":{}}],"line":17}},"s":{"0":162,"1":3,"2":159},"f":{"0":162},"b":{"0":[3,159]},"meta":{"lastBranch":1,"lastFunction":1,"lastStatement":3,"seen":{"f:16:16:16:29":0,"b:17:2:17:Infinity:undefined:undefined:undefined:undefined":0,"s:17:2:17:Infinity":0,"s:17:34:17:44":1,"s:19:2:23:Infinity":2}}}
}
